# JRE version: Java(TM) SE Runtime Environment (8.0_192-b12) (build 1.8.0_192-b12)
# Java VM: Java HotSpot(TM) 64-Bit Server VM (25.192-b12 mixed mode windows-amd64 compressed oops)
Heap:
 PSYoungGen      total 431104K, used 167907K [0x00000000d5b80000, 0x00000000fdf00000, 0x0000000100000000)
  eden space 422400K, 39% used [0x00000000d5b80000,0x00000000dff40fc0,0x00000000ef800000)
  from space 8704K, 2% used [0x00000000ef800000,0x00000000ef838000,0x00000000f0080000)
  to   space 9216K, 0% used [0x00000000fd600000,0x00000000fd600000,0x00000000fdf00000)
 ParOldGen       total 49664K, used 18135K [0x0000000081200000, 0x0000000084280000, 0x00000000d5b80000)
  object space 49664K, 36% used [0x0000000081200000,0x00000000823b5d28,0x0000000084280000)
 Metaspace       used 25067K, capacity 25390K, committed 25728K, reserved 1071104K
  class space    used 2994K, capacity 3096K, committed 3200K, reserved 1048576K
GC Heap History (10 events):
Event: 22.315 GC heap before
{Heap before GC invocations=8 (full 0):
 PSYoungGen      total 138752K, used 133376K [0x00000000d5b80000, 0x00000000e6c80000, 0x0000000100000000)
  eden space 133120K, 100% used [0x00000000d5b80000,0x00000000ddd80000,0x00000000ddd80000)
  from space 5632K, 4% used [0x00000000ddd80000,0x00000000dddc0000,0x00000000de300000)
  to   space 6656K, 0% used [0x00000000e6600000,0x00000000e6600000,0x00000000e6c80000)
 ParOldGen       total 87552K, used 7191K [0x0000000081200000, 0x0000000086780000, 0x00000000d5b80000)
  object space 87552K, 8% used [0x0000000081200000,0x0000000081905ca8,0x0000000086780000)
 Metaspace       used 15837K, capacity 16182K, committed 16384K, reserved 1062912K
  class space    used 1929K, capacity 2014K, committed 2048K, reserved 1048576K
Event: 22.316 GC heap after
Heap after GC invocations=8 (full 0):
 PSYoungGen      total 271872K, used 256K [0x00000000d5b80000, 0x00000000e6e80000, 0x0000000100000000)
  eden space 265216K, 0% used [0x00000000d5b80000,0x00000000d5b80000,0x00000000e5e80000)
  from space 6656K, 3% used [0x00000000e6600000,0x00000000e6640000,0x00000000e6c80000)
  to   space 7680K, 0% used [0x00000000e5e80000,0x00000000e5e80000,0x00000000e6600000)
 ParOldGen       total 87552K, used 7223K [0x0000000081200000, 0x0000000086780000, 0x00000000d5b80000)
  object space 87552K, 8% used [0x0000000081200000,0x000000008190dca8,0x0000000086780000)
 Metaspace       used 15837K, capacity 16182K, committed 16384K, reserved 1062912K
  class space    used 1929K, capacity 2014K, committed 2048K, reserved 1048576K
}
Event: 23.256 GC heap before
{Heap before GC invocations=9 (full 0):
 PSYoungGen      total 271872K, used 120626K [0x00000000d5b80000, 0x00000000e6e80000, 0x0000000100000000)
  eden space 265216K, 45% used [0x00000000d5b80000,0x00000000dd10c970,0x00000000e5e80000)
  from space 6656K, 3% used [0x00000000e6600000,0x00000000e6640000,0x00000000e6c80000)
  to   space 7680K, 0% used [0x00000000e5e80000,0x00000000e5e80000,0x00000000e6600000)
 ParOldGen       total 87552K, used 7223K [0x0000000081200000, 0x0000000086780000, 0x00000000d5b80000)
  object space 87552K, 8% used [0x0000000081200000,0x000000008190dca8,0x0000000086780000)
 Metaspace       used 20722K, capacity 20986K, committed 21296K, reserved 1069056K
  class space    used 2566K, capacity 2656K, committed 2688K, reserved 1048576K
Event: 23.264 GC heap after
Heap after GC invocations=9 (full 0):
 PSYoungGen      total 272896K, used 5789K [0x00000000d5b80000, 0x00000000f0900000, 0x0000000100000000)
  eden space 265216K, 0% used [0x00000000d5b80000,0x00000000d5b80000,0x00000000e5e80000)
  from space 7680K, 75% used [0x00000000e5e80000,0x00000000e64275e8,0x00000000e6600000)
  to   space 7680K, 0% used [0x00000000f0180000,0x00000000f0180000,0x00000000f0900000)
 ParOldGen       total 87552K, used 7279K [0x0000000081200000, 0x0000000086780000, 0x00000000d5b80000)
  object space 87552K, 8% used [0x0000000081200000,0x000000008191bca8,0x0000000086780000)
 Metaspace       used 20722K, capacity 20986K, committed 21296K, reserved 1069056K
  class space    used 2566K, capacity 2656K, committed 2688K, reserved 1048576K
}
Event: 23.264 GC heap before
{Heap before GC invocations=10 (full 1):
 PSYoungGen      total 272896K, used 5789K [0x00000000d5b80000, 0x00000000f0900000, 0x0000000100000000)
  eden space 265216K, 0% used [0x00000000d5b80000,0x00000000d5b80000,0x00000000e5e80000)
  from space 7680K, 75% used [0x00000000e5e80000,0x00000000e64275e8,0x00000000e6600000)
  to   space 7680K, 0% used [0x00000000f0180000,0x00000000f0180000,0x00000000f0900000)
 ParOldGen       total 87552K, used 7279K [0x0000000081200000, 0x0000000086780000, 0x00000000d5b80000)
  object space 87552K, 8% used [0x0000000081200000,0x000000008191bca8,0x0000000086780000)
 Metaspace       used 20722K, capacity 20986K, committed 21296K, reserved 1069056K
  class space    used 2566K, capacity 2656K, committed 2688K, reserved 1048576K
Event: 23.335 GC heap after
Heap after GC invocations=10 (full 1):
 PSYoungGen      total 272896K, used 0K [0x00000000d5b80000, 0x00000000f0900000, 0x0000000100000000)
  eden space 265216K, 0% used [0x00000000d5b80000,0x00000000d5b80000,0x00000000e5e80000)
  from space 7680K, 0% used [0x00000000e5e80000,0x00000000e5e80000,0x00000000e6600000)
  to   space 7680K, 0% used [0x00000000f0180000,0x00000000f0180000,0x00000000f0900000)
 ParOldGen       total 49664K, used 10693K [0x0000000081200000, 0x0000000084280000, 0x00000000d5b80000)
  object space 49664K, 21% used [0x0000000081200000,0x0000000081c71468,0x0000000084280000)
 Metaspace       used 20722K, capacity 20986K, committed 21296K, reserved 1069056K
  class space    used 2566K, capacity 2656K, committed 2688K, reserved 1048576K
}
Event: 615.590 GC heap before
{Heap before GC invocations=11 (full 1):
 PSYoungGen      total 272896K, used 265216K [0x00000000d5b80000, 0x00000000f0900000, 0x0000000100000000)
  eden space 265216K, 100% used [0x00000000d5b80000,0x00000000e5e80000,0x00000000e5e80000)
  from space 7680K, 0% used [0x00000000e5e80000,0x00000000e5e80000,0x00000000e6600000)
  to   space 7680K, 0% used [0x00000000f0180000,0x00000000f0180000,0x00000000f0900000)
 ParOldGen       total 49664K, used 10693K [0x0000000081200000, 0x0000000084280000, 0x00000000d5b80000)
  object space 49664K, 21% used [0x0000000081200000,0x0000000081c71468,0x0000000084280000)
 Metaspace       used 24886K, capacity 25226K, committed 25728K, reserved 1071104K
  class space    used 2985K, capacity 3080K, committed 3200K, reserved 1048576K
Event: 615.598 GC heap after
Heap after GC invocations=11 (full 1):
 PSYoungGen      total 420864K, used 7664K [0x00000000d5b80000, 0x00000000f0900000, 0x0000000100000000)
  eden space 413184K, 0% used [0x00000000d5b80000,0x00000000d5b80000,0x00000000eef00000)
  from space 7680K, 99% used [0x00000000f0180000,0x00000000f08fc390,0x00000000f0900000)
  to   space 8704K, 0% used [0x00000000ef800000,0x00000000ef800000,0x00000000f0080000)
 ParOldGen       total 49664K, used 11029K [0x0000000081200000, 0x0000000084280000, 0x00000000d5b80000)
  object space 49664K, 22% used [0x0000000081200000,0x0000000081cc5650,0x0000000084280000)
 Metaspace       used 24886K, capacity 25226K, committed 25728K, reserved 1071104K
  class space    used 2985K, capacity 3080K, committed 3200K, reserved 1048576K
}
Event: 616.140 GC heap before
{Heap before GC invocations=12 (full 1):
 PSYoungGen      total 420864K, used 420848K [0x00000000d5b80000, 0x00000000f0900000, 0x0000000100000000)
  eden space 413184K, 100% used [0x00000000d5b80000,0x00000000eef00000,0x00000000eef00000)
  from space 7680K, 99% used [0x00000000f0180000,0x00000000f08fc390,0x00000000f0900000)
  to   space 8704K, 0% used [0x00000000ef800000,0x00000000ef800000,0x00000000f0080000)
 ParOldGen       total 49664K, used 11029K [0x0000000081200000, 0x0000000084280000, 0x00000000d5b80000)
  object space 49664K, 22% used [0x0000000081200000,0x0000000081cc5650,0x0000000084280000)
 Metaspace       used 24888K, capacity 25226K, committed 25728K, reserved 1071104K
  class space    used 2985K, capacity 3080K, committed 3200K, reserved 1048576K
Event: 616.148 GC heap after
Heap after GC invocations=12 (full 1):
 PSYoungGen      total 431104K, used 224K [0x00000000d5b80000, 0x00000000fdf00000, 0x0000000100000000)
  eden space 422400K, 0% used [0x00000000d5b80000,0x00000000d5b80000,0x00000000ef800000)
  from space 8704K, 2% used [0x00000000ef800000,0x00000000ef838000,0x00000000f0080000)
  to   space 9216K, 0% used [0x00000000fd600000,0x00000000fd600000,0x00000000fdf00000)
 ParOldGen       total 49664K, used 18135K [0x0000000081200000, 0x0000000084280000, 0x00000000d5b80000)
  object space 49664K, 36% used [0x0000000081200000,0x00000000823b5d28,0x0000000084280000)
 Metaspace       used 24888K, capacity 25226K, committed 25728K, reserved 1071104K
  class space    used 2985K, capacity 3080K, committed 3200K, reserved 1048576K
}

